[2025-04-06 16:59:19,715: INFO: main: Welcome to my log]
[2025-04-06 17:00:02,163: INFO: main: Welcome to my log]
[2025-04-07 15:19:43,561: INFO: common: yaml file: config\config.yaml loaded successfully]
[2025-04-07 15:19:43,561: INFO: common: yaml file: params.yaml loaded successfully]
[2025-04-07 15:19:43,561: INFO: common: created directory at: artifacts]
[2025-04-07 15:19:43,588: INFO: common: created directory at: artifacts/data_ingestion]
[2025-04-07 15:19:43,590: INFO: 986331348: Downloading data from https://drive.google.com/file/d/1vlhZ5c7abUKF8xXERIw6m9Te8fW7ohw3/view?usp=sharing into file artifacts/data_ingestion/data.zip]
[2025-04-07 15:20:35,905: INFO: 986331348: Downloaded data from https://drive.google.com/file/d/1vlhZ5c7abUKF8xXERIw6m9Te8fW7ohw3/view?usp=sharing into file artifacts/data_ingestion/data.zip]
[2025-04-08 14:38:35,844: INFO: main: >>>>>> stage Data Ingestion stage started <<<<<<]
[2025-04-08 14:38:35,873: INFO: common: yaml file: config\config.yaml loaded successfully]
[2025-04-08 14:38:35,873: INFO: common: yaml file: params.yaml loaded successfully]
[2025-04-08 14:38:35,878: INFO: common: created directory at: artifacts]
[2025-04-08 14:38:35,878: INFO: common: created directory at: artifacts/data_ingestion]
[2025-04-08 14:38:35,879: INFO: data_ingestion: Downloading data from https://drive.google.com/file/d/1vlhZ5c7abUKF8xXERIw6m9Te8fW7ohw3/view?usp=sharing into file artifacts/data_ingestion/data.zip]
[2025-04-08 14:39:13,176: INFO: data_ingestion: Downloaded data from https://drive.google.com/file/d/1vlhZ5c7abUKF8xXERIw6m9Te8fW7ohw3/view?usp=sharing into file artifacts/data_ingestion/data.zip]
[2025-04-08 14:39:14,383: INFO: main: >>>>>> stage Data Ingestion stage completed <<<<<<

x==========x]
[2025-04-08 15:37:32,235: INFO: common: yaml file: config\config.yaml loaded successfully]
[2025-04-08 15:37:32,242: INFO: common: yaml file: params.yaml loaded successfully]
[2025-04-08 15:37:32,246: INFO: common: created directory at: artifacts]
[2025-04-08 15:37:32,249: INFO: common: created directory at: artifacts/prepare_base_model]
[2025-04-08 15:37:33,340: WARNING: saving_api: You are saving your model as an HDF5 file via `model.save()` or `keras.saving.save_model(model)`. This file format is considered legacy. We recommend using instead the native Keras format, e.g. `model.save('my_model.keras')` or `keras.saving.save_model(model, 'my_model.keras')`. ]
[2025-04-08 15:37:33,714: WARNING: saving_api: You are saving your model as an HDF5 file via `model.save()` or `keras.saving.save_model(model)`. This file format is considered legacy. We recommend using instead the native Keras format, e.g. `model.save('my_model.keras')` or `keras.saving.save_model(model, 'my_model.keras')`. ]
[2025-04-08 15:58:02,335: INFO: main: >>>>>> stage Data Ingestion stage started <<<<<<]
[2025-04-08 15:58:02,344: INFO: common: yaml file: config\config.yaml loaded successfully]
[2025-04-08 15:58:02,344: INFO: common: yaml file: params.yaml loaded successfully]
[2025-04-08 15:58:02,344: INFO: common: created directory at: artifacts]
[2025-04-08 15:58:02,344: INFO: common: created directory at: artifacts/data_ingestion]
[2025-04-08 15:58:02,344: INFO: data_ingestion: Downloading data from https://drive.google.com/file/d/1vlhZ5c7abUKF8xXERIw6m9Te8fW7ohw3/view?usp=sharing into file artifacts/data_ingestion/data.zip]
[2025-04-08 15:58:26,503: INFO: data_ingestion: Downloaded data from https://drive.google.com/file/d/1vlhZ5c7abUKF8xXERIw6m9Te8fW7ohw3/view?usp=sharing into file artifacts/data_ingestion/data.zip]
[2025-04-08 15:58:27,274: INFO: main: >>>>>> stage Data Ingestion stage completed <<<<<<

x==========x]
[2025-04-08 15:58:27,274: INFO: main: *******************]
[2025-04-08 15:58:27,274: INFO: main: >>>>>> stage Prepare base model started <<<<<<]
[2025-04-08 15:58:27,276: INFO: common: yaml file: config\config.yaml loaded successfully]
[2025-04-08 15:58:27,276: INFO: common: yaml file: params.yaml loaded successfully]
[2025-04-08 15:58:27,276: INFO: common: created directory at: artifacts]
[2025-04-08 15:58:27,276: INFO: common: created directory at: artifacts/prepare_base_model]
[2025-04-08 15:58:27,903: WARNING: saving_api: You are saving your model as an HDF5 file via `model.save()` or `keras.saving.save_model(model)`. This file format is considered legacy. We recommend using instead the native Keras format, e.g. `model.save('my_model.keras')` or `keras.saving.save_model(model, 'my_model.keras')`. ]
[2025-04-08 15:58:28,103: WARNING: saving_api: You are saving your model as an HDF5 file via `model.save()` or `keras.saving.save_model(model)`. This file format is considered legacy. We recommend using instead the native Keras format, e.g. `model.save('my_model.keras')` or `keras.saving.save_model(model, 'my_model.keras')`. ]
[2025-04-08 15:58:28,969: INFO: main: >>>>>> stage Prepare base model completed <<<<<<

x==========x]
[2025-04-08 15:58:36,245: INFO: main: >>>>>> stage Data Ingestion stage started <<<<<<]
[2025-04-08 15:58:36,245: INFO: common: yaml file: config\config.yaml loaded successfully]
[2025-04-08 15:58:36,259: INFO: common: yaml file: params.yaml loaded successfully]
[2025-04-08 15:58:36,259: INFO: common: created directory at: artifacts]
[2025-04-08 15:58:36,261: INFO: common: created directory at: artifacts/data_ingestion]
[2025-04-08 15:58:36,262: INFO: data_ingestion: Downloading data from https://drive.google.com/file/d/1vlhZ5c7abUKF8xXERIw6m9Te8fW7ohw3/view?usp=sharing into file artifacts/data_ingestion/data.zip]
[2025-04-08 15:58:58,209: INFO: data_ingestion: Downloaded data from https://drive.google.com/file/d/1vlhZ5c7abUKF8xXERIw6m9Te8fW7ohw3/view?usp=sharing into file artifacts/data_ingestion/data.zip]
[2025-04-08 15:58:59,198: INFO: main: >>>>>> stage Data Ingestion stage completed <<<<<<

x==========x]
[2025-04-08 15:58:59,198: INFO: main: *******************]
[2025-04-08 15:58:59,199: INFO: main: >>>>>> stage Prepare base model started <<<<<<]
[2025-04-08 15:58:59,202: INFO: common: yaml file: config\config.yaml loaded successfully]
[2025-04-08 15:58:59,202: INFO: common: yaml file: params.yaml loaded successfully]
[2025-04-08 15:58:59,202: INFO: common: created directory at: artifacts]
[2025-04-08 15:58:59,202: INFO: common: created directory at: artifacts/prepare_base_model]
[2025-04-08 15:58:59,697: WARNING: saving_api: You are saving your model as an HDF5 file via `model.save()` or `keras.saving.save_model(model)`. This file format is considered legacy. We recommend using instead the native Keras format, e.g. `model.save('my_model.keras')` or `keras.saving.save_model(model, 'my_model.keras')`. ]
[2025-04-08 15:59:00,445: WARNING: saving_api: You are saving your model as an HDF5 file via `model.save()` or `keras.saving.save_model(model)`. This file format is considered legacy. We recommend using instead the native Keras format, e.g. `model.save('my_model.keras')` or `keras.saving.save_model(model, 'my_model.keras')`. ]
[2025-04-08 15:59:01,337: INFO: main: >>>>>> stage Prepare base model completed <<<<<<

x==========x]
[2025-04-09 14:28:34,928: INFO: common: yaml file: config\config.yaml loaded successfully]
[2025-04-09 14:28:35,308: INFO: common: yaml file: params.yaml loaded successfully]
[2025-04-09 14:28:35,310: INFO: common: created directory at: artifacts]
[2025-04-09 14:28:35,324: INFO: common: created directory at: artifacts\training]
[2025-04-09 14:28:37,687: WARNING: saving_utils: Compiled the loaded model, but the compiled metrics have yet to be built. `model.compile_metrics` will be empty until you train or evaluate the model.]
[2025-04-09 14:29:29,476: INFO: common: yaml file: config\config.yaml loaded successfully]
[2025-04-09 14:29:29,481: INFO: common: yaml file: params.yaml loaded successfully]
[2025-04-09 14:29:29,482: INFO: common: created directory at: artifacts]
[2025-04-09 14:29:29,484: INFO: common: created directory at: artifacts\training]
[2025-04-09 14:29:29,773: WARNING: saving_utils: Compiled the loaded model, but the compiled metrics have yet to be built. `model.compile_metrics` will be empty until you train or evaluate the model.]
[2025-04-09 14:29:42,733: INFO: common: yaml file: config\config.yaml loaded successfully]
[2025-04-09 14:29:42,737: INFO: common: yaml file: params.yaml loaded successfully]
[2025-04-09 14:29:42,737: INFO: common: created directory at: artifacts]
[2025-04-09 14:29:42,740: INFO: common: created directory at: artifacts\training]
[2025-04-09 14:29:43,050: WARNING: saving_utils: Compiled the loaded model, but the compiled metrics have yet to be built. `model.compile_metrics` will be empty until you train or evaluate the model.]
[2025-04-09 14:30:39,327: INFO: common: yaml file: config\config.yaml loaded successfully]
[2025-04-09 14:30:39,329: INFO: common: yaml file: params.yaml loaded successfully]
[2025-04-09 14:30:39,333: INFO: common: created directory at: artifacts]
[2025-04-09 14:30:39,334: INFO: common: created directory at: artifacts\training]
[2025-04-09 14:30:39,764: WARNING: saving_utils: Compiled the loaded model, but the compiled metrics have yet to be built. `model.compile_metrics` will be empty until you train or evaluate the model.]
[2025-04-09 14:32:08,981: INFO: common: yaml file: config\config.yaml loaded successfully]
[2025-04-09 14:32:08,997: INFO: common: yaml file: params.yaml loaded successfully]
[2025-04-09 14:32:09,001: INFO: common: created directory at: artifacts]
[2025-04-09 14:32:09,006: INFO: common: created directory at: artifacts\training]
[2025-04-09 14:32:09,556: WARNING: saving_utils: Compiled the loaded model, but the compiled metrics have yet to be built. `model.compile_metrics` will be empty until you train or evaluate the model.]
[2025-04-09 14:38:54,945: WARNING: saving_api: You are saving your model as an HDF5 file via `model.save()` or `keras.saving.save_model(model)`. This file format is considered legacy. We recommend using instead the native Keras format, e.g. `model.save('my_model.keras')` or `keras.saving.save_model(model, 'my_model.keras')`. ]
[2025-04-09 15:04:57,868: INFO: main: >>>>>> stage Data Ingestion stage started <<<<<<]
[2025-04-09 15:04:57,880: INFO: common: yaml file: config\config.yaml loaded successfully]
[2025-04-09 15:04:57,880: INFO: common: yaml file: params.yaml loaded successfully]
[2025-04-09 15:04:57,884: INFO: common: created directory at: artifacts]
[2025-04-09 15:04:57,983: INFO: common: created directory at: artifacts/data_ingestion]
[2025-04-09 15:04:57,986: INFO: data_ingestion: Downloading data from https://drive.google.com/file/d/1vlhZ5c7abUKF8xXERIw6m9Te8fW7ohw3/view?usp=sharing into file artifacts/data_ingestion/data.zip]
[2025-04-09 15:05:35,661: INFO: data_ingestion: Downloaded data from https://drive.google.com/file/d/1vlhZ5c7abUKF8xXERIw6m9Te8fW7ohw3/view?usp=sharing into file artifacts/data_ingestion/data.zip]
[2025-04-09 15:05:36,962: INFO: main: >>>>>> stage Data Ingestion stage completed <<<<<<

x==========x]
[2025-04-09 15:05:36,962: INFO: main: *******************]
[2025-04-09 15:05:36,964: INFO: main: >>>>>> stage Prepare base model started <<<<<<]
[2025-04-09 15:05:36,964: INFO: common: yaml file: config\config.yaml loaded successfully]
[2025-04-09 15:05:36,964: INFO: common: yaml file: params.yaml loaded successfully]
[2025-04-09 15:05:36,964: INFO: common: created directory at: artifacts]
[2025-04-09 15:05:36,964: INFO: common: created directory at: artifacts/prepare_base_model]
[2025-04-09 15:05:37,592: WARNING: saving_api: You are saving your model as an HDF5 file via `model.save()` or `keras.saving.save_model(model)`. This file format is considered legacy. We recommend using instead the native Keras format, e.g. `model.save('my_model.keras')` or `keras.saving.save_model(model, 'my_model.keras')`. ]
[2025-04-09 15:05:37,950: WARNING: saving_api: You are saving your model as an HDF5 file via `model.save()` or `keras.saving.save_model(model)`. This file format is considered legacy. We recommend using instead the native Keras format, e.g. `model.save('my_model.keras')` or `keras.saving.save_model(model, 'my_model.keras')`. ]
[2025-04-09 15:05:38,093: INFO: main: >>>>>> stage Prepare base model completed <<<<<<

x==========x]
[2025-04-09 15:05:38,093: INFO: main: *******************]
[2025-04-09 15:05:38,107: INFO: main: >>>>>> stage Training started <<<<<<]
[2025-04-09 15:05:38,107: INFO: common: yaml file: config\config.yaml loaded successfully]
[2025-04-09 15:05:38,123: INFO: common: yaml file: params.yaml loaded successfully]
[2025-04-09 15:05:38,125: INFO: common: created directory at: artifacts]
[2025-04-09 15:05:38,127: INFO: common: created directory at: artifacts\training]
[2025-04-09 15:05:38,578: WARNING: saving_utils: Compiled the loaded model, but the compiled metrics have yet to be built. `model.compile_metrics` will be empty until you train or evaluate the model.]
[2025-04-09 15:06:57,427: WARNING: saving_api: You are saving your model as an HDF5 file via `model.save()` or `keras.saving.save_model(model)`. This file format is considered legacy. We recommend using instead the native Keras format, e.g. `model.save('my_model.keras')` or `keras.saving.save_model(model, 'my_model.keras')`. ]
[2025-04-09 15:06:57,924: INFO: main: >>>>>> stage Training completed <<<<<<

x==========x]
